Tecplot 2017.2.0.79771 Batch Log
ACTION: PAGECONTROL: CREATE
ACTION: LOADADDON
ACTION: LOADADDON
ACTION: LOADADDON
ACTION: LOADADDON
ACTION: LOADADDON
ACTION: LOADADDON
ACTION: LOADADDON
ACTION: LOADADDON
ACTION: LOADADDON
ACTION: LOADADDON
ACTION: LOADADDON
ACTION: LOADADDON
ACTION: LOADADDON
ACTION: LOADADDON
ACTION: LOADADDON
ACTION: LOADADDON
ACTION: LOADADDON
ACTION: LOADADDON
ACTION: LOADADDON
ACTION: LOADADDON
ACTION: LOADADDON
ACTION: LOADADDON
ACTION: LOADADDON
ACTION: LOADADDON
ACTION: LOADADDON
ACTION: LOADADDON
ACTION: LOADADDON
ACTION: LOADADDON
ACTION: LOADADDON
ACTION: LOADADDON
ACTION: LOADADDON
ACTION: LOADADDON
ACTION: LOADADDON
ACTION: LOADADDON
ACTION: LOADADDON
ACTION: LOADADDON
ACTION: READDATASET: "StandardSyntax" "1.0" "FEALoaderVersion" "436" "FILENAME_File" "/home/ws/ht72/Projekte/Forschungsprojekte/BackwardFacingStep2/cfx/500_pocket/test/def_file_001.res" "AutoAssignStrandIDs" "Yes"
ACTION: DRAWGRAPHICS: NO
Warning: Aspect ratio exceeds ratio limit.  The ratio has been
adjusted.
Warning: Axis Mode has been reset to be "Independent"
ACTION: DRAWGRAPHICS: YES
ACTION: CREATERECTANGULARZONE
ACTION: RENAMEDATASETZONE: taux
ACTION: LINEARINTERPOLATE
EXTENDEDCOMMAND: COMMANDPROCESSORID=excsv COMMAND=VarNames:FrOp=1:ZnCount=1:ZnList=[5]:VarCount=3:VarList=[1,2,41]:ValSep=",":FNAME="/home/ws/ht72/Projekte/Forschungsprojekte/BackwardFacingStep2/cfx/500_pocket/test/post/taux.csv"
ACTION: DRAWGRAPHICS: NO
ACTION: FRAMECONTROL: ActivateByNumber
ACTION: DRAWGRAPHICS: YES
